<?xml version="1.0" encoding="UTF-8"?>
<!-- Generated by org.testng.reporters.JUnitXMLReporter -->
<testsuite ignored="0" hostname="DESKTOP-UPKDEK7" failures="6" tests="17" name="BrellaFormValidation" time="25.799" errors="0" timestamp="2024-07-02T22:27:35 IST">
  <testcase classname="BrellaFormValidation.FormValidationTest" name="testFormFieldPresense" time="0.223"/>
  <testcase classname="BrellaFormValidation.FormValidationTest" name="testFormSubmission" time="0.486"/>
  <testcase classname="BrellaFormValidation.FormValidationTest" name="testFormSubmission" time="0.562"/>
  <testcase classname="BrellaFormValidation.FormValidationTest" name="testFormSubmission" time="0.72"/>
  <testcase classname="BrellaFormValidation.FormValidationTest" name="testFormSubmission" time="0.605">
    <failure type="java.lang.AssertionError" message="Message text should be as expected expected [email doesn&amp;apos;t have domain] but found [cool, it is done]">
      <![CDATA[java.lang.AssertionError: Message text should be as expected expected [email doesn't have domain] but found [cool, it is done]
at BrellaFormValidation.FormValidationTest.testFormSubmission(FormValidationTest.java:100)
at java.base/java.util.ArrayList.forEach(ArrayList.java:1597)
... Removed 30 stack frames]]>
    </failure>
  </testcase> <!-- testFormSubmission -->
  <testcase classname="BrellaFormValidation.FormValidationTest" name="testFormSubmission" time="0.7">
    <failure type="java.lang.AssertionError" message="Message text should be as expected expected [email doesn&amp;apos;t have valid top-level domain] but found [cool, it is done]">
      <![CDATA[java.lang.AssertionError: Message text should be as expected expected [email doesn't have valid top-level domain] but found [cool, it is done]
at BrellaFormValidation.FormValidationTest.testFormSubmission(FormValidationTest.java:100)
at java.base/java.util.ArrayList.forEach(ArrayList.java:1597)
... Removed 30 stack frames]]>
    </failure>
  </testcase> <!-- testFormSubmission -->
  <testcase classname="BrellaFormValidation.FormValidationTest" name="testFormSubmission" time="1.016">
    <failure type="java.lang.AssertionError" message="Message text should be as expected expected [email can not have consecutive dots] but found [cool, it is done]">
      <![CDATA[java.lang.AssertionError: Message text should be as expected expected [email can not have consecutive dots] but found [cool, it is done]
at BrellaFormValidation.FormValidationTest.testFormSubmission(FormValidationTest.java:100)
at java.base/java.util.ArrayList.forEach(ArrayList.java:1597)
... Removed 30 stack frames]]>
    </failure>
  </testcase> <!-- testFormSubmission -->
  <testcase classname="BrellaFormValidation.FormValidationTest" name="testFormSubmission" time="0.967">
    <failure type="java.lang.AssertionError" message="Message text should be as expected expected [email can not have spaces] but found [cool, it is done]">
      <![CDATA[java.lang.AssertionError: Message text should be as expected expected [email can not have spaces] but found [cool, it is done]
at BrellaFormValidation.FormValidationTest.testFormSubmission(FormValidationTest.java:100)
at java.base/java.util.ArrayList.forEach(ArrayList.java:1597)
... Removed 30 stack frames]]>
    </failure>
  </testcase> <!-- testFormSubmission -->
  <testcase classname="BrellaFormValidation.FormValidationTest" name="testFormSubmission" time="0.925">
    <failure type="java.lang.AssertionError" message="Message text should be as expected expected [email doesn&amp;apos;t have local part] but found [cool, it is done]">
      <![CDATA[java.lang.AssertionError: Message text should be as expected expected [email doesn't have local part] but found [cool, it is done]
at BrellaFormValidation.FormValidationTest.testFormSubmission(FormValidationTest.java:100)
at java.base/java.util.ArrayList.forEach(ArrayList.java:1597)
... Removed 30 stack frames]]>
    </failure>
  </testcase> <!-- testFormSubmission -->
  <testcase classname="BrellaFormValidation.FormValidationTest" name="testFormSubmission" time="0.975">
    <failure type="java.lang.AssertionError" message="Message text should be as expected expected [email have invalid characters] but found [cool, it is done]">
      <![CDATA[java.lang.AssertionError: Message text should be as expected expected [email have invalid characters] but found [cool, it is done]
at BrellaFormValidation.FormValidationTest.testFormSubmission(FormValidationTest.java:100)
at java.base/java.util.ArrayList.forEach(ArrayList.java:1597)
... Removed 30 stack frames]]>
    </failure>
  </testcase> <!-- testFormSubmission -->
  <testcase classname="BrellaFormValidation.FormValidationTest" name="testFormSubmission" time="1.045"/>
  <testcase classname="BrellaFormValidation.FormValidationTest" name="testFormSubmission" time="0.827"/>
  <testcase classname="BrellaFormValidation.FormValidationTest" name="testFormSubmission" time="0.978"/>
  <testcase classname="BrellaFormValidation.FormValidationTest" name="testFormSubmission" time="0.995"/>
  <testcase classname="BrellaFormValidation.FormValidationTest" name="testFormSubmission" time="0.933"/>
  <testcase classname="BrellaFormValidation.FormValidationTest" name="testFormSubmission" time="1.038"/>
  <testcase classname="BrellaFormValidation.FormValidationTest" name="testFormSubmission" time="0.991"/>
</testsuite> <!-- BrellaFormValidation -->
