<?xml version="1.0" encoding="UTF-8"?>
<!-- Generated by org.testng.reporters.JUnitXMLReporter -->
<testsuite ignored="0" hostname="DESKTOP-UPKDEK7" failures="1" tests="1" name="FormFieldInputTest" time="0.003" errors="0" timestamp="2024-07-01T23:28:47 IST">
  <testcase classname="FormValidationTest.FormFieldInputTest" name="formfieldinput" time="0.001">
    <failure type="java.lang.NullPointerException" message="Cannot invoke &amp;quot;org.openqa.selenium.WebDriver.findElement(org.openqa.selenium.By)&amp;quot; because &amp;quot;this.driver&amp;quot; is null">
      <![CDATA[java.lang.NullPointerException: Cannot invoke "org.openqa.selenium.WebDriver.findElement(org.openqa.selenium.By)" because "this.driver" is null
at FormValidationTest.FormFieldInputTest.formfieldinput(FormFieldInputTest.java:17)
at java.base/java.util.ArrayList.forEach(ArrayList.java:1597)
... Removed 25 stack frames]]>
    </failure>
  </testcase> <!-- formfieldinput -->
</testsuite> <!-- FormFieldInputTest -->
